2021-11-15 01:41:16.899  INFO 10328 --- [main] tn.esprit.spring.TimesheetTest           : Starting TimesheetTest on DESKTOP-PF1P7N0 with PID 10328 (started by jihed in C:\Users\jihed\Downloads\Continuous-Integration-Project-Timesheet (2)\Nouveau dossier\DEVOPS)
2021-11-15 01:41:16.906  INFO 10328 --- [main] tn.esprit.spring.TimesheetTest           : No active profile set, falling back to default profiles: default
2021-11-15 01:41:20.235  INFO 10328 --- [main] .s.d.r.c.RepositoryConfigurationDelegate : Bootstrapping Spring Data repositories in DEFAULT mode.
2021-11-15 01:41:21.600  INFO 10328 --- [main] .s.d.r.c.RepositoryConfigurationDelegate : Finished Spring Data repository scanning in 1336ms. Found 6 repository interfaces.
2021-11-15 01:41:22.169  INFO 10328 --- [main] trationDelegate$BeanPostProcessorChecker : Bean 'org.springframework.transaction.annotation.ProxyTransactionManagementConfiguration' of type [org.springframework.transaction.annotation.ProxyTransactionManagementConfiguration$$EnhancerBySpringCGLIB$$e6fcc4bf] is not eligible for getting processed by all BeanPostProcessors (for example: not eligible for auto-proxying)
2021-11-15 01:41:22.934  INFO 10328 --- [main] com.zaxxer.hikari.HikariDataSource       : HikariPool-1 - Starting...
2021-11-15 01:41:26.315  INFO 10328 --- [main] com.zaxxer.hikari.HikariDataSource       : HikariPool-1 - Start completed.
2021-11-15 01:41:26.741  INFO 10328 --- [main] o.hibernate.jpa.internal.util.LogHelper  : HHH000204: Processing PersistenceUnitInfo [
	name: default
	...]
2021-11-15 01:41:27.634  INFO 10328 --- [main] org.hibernate.Version                    : HHH000412: Hibernate Core {5.3.9.Final}
2021-11-15 01:41:27.638  INFO 10328 --- [main] org.hibernate.cfg.Environment            : HHH000206: hibernate.properties not found
2021-11-15 01:41:28.180  INFO 10328 --- [main] o.hibernate.annotations.common.Version   : HCANN000001: Hibernate Commons Annotations {5.0.4.Final}
2021-11-15 01:41:30.100  INFO 10328 --- [main] org.hibernate.dialect.Dialect            : HHH000400: Using dialect: org.hibernate.dialect.MySQL5Dialect
2021-11-15 01:41:42.556  INFO 10328 --- [main] j.LocalContainerEntityManagerFactoryBean : Initialized JPA EntityManagerFactory for persistence unit 'default'
2021-11-15 01:41:43.623  INFO 10328 --- [main] o.h.h.i.QueryTranslatorFactoryInitiator  : HHH000397: Using ASTQueryTranslatorFactory
2021-11-15 01:41:46.027  INFO 10328 --- [main] o.s.s.concurrent.ThreadPoolTaskExecutor  : Initializing ExecutorService 'applicationTaskExecutor'
2021-11-15 01:41:46.116  WARN 10328 --- [main] aWebConfiguration$JpaWebMvcConfiguration : spring.jpa.open-in-view is enabled by default. Therefore, database queries may be performed during view rendering. Explicitly configure spring.jpa.open-in-view to disable this warning
2021-11-15 01:41:46.682  INFO 10328 --- [main] tn.esprit.spring.TimesheetTest           : Started TimesheetTest in 33.374 seconds (JVM running for 41.267)
2021-11-15 01:41:47.616  INFO 10328 --- [main] tn.esprit.spring.TimesheetTest           : mission added
2021-11-15 01:41:47.624  INFO 10328 --- [main] tn.esprit.spring.TimesheetTest           : departement created and added
2021-11-15 01:41:47.712  INFO 10328 --- [main] tn.esprit.spring.TimesheetTest           : Mission found
2021-11-15 01:41:47.724  INFO 10328 --- [main] tn.esprit.spring.TimesheetTest           : Mission added
2021-11-15 01:41:47.970  INFO 10328 --- [Thread-1] o.s.s.concurrent.ThreadPoolTaskExecutor  : Shutting down ExecutorService 'applicationTaskExecutor'
2021-11-15 01:41:47.972  INFO 10328 --- [Thread-1] j.LocalContainerEntityManagerFactoryBean : Closing JPA EntityManagerFactory for persistence unit 'default'
2021-11-15 01:41:47.976  INFO 10328 --- [Thread-1] com.zaxxer.hikari.HikariDataSource       : HikariPool-1 - Shutdown initiated...
2021-11-15 01:41:47.988  INFO 10328 --- [Thread-1] com.zaxxer.hikari.HikariDataSource       : HikariPool-1 - Shutdown completed.
